INFO [2021-09-15 22:13:24] $x
INFO [2021-09-15 22:13:24] list(cm.dgenes, cf.dgenes, bulk.dgenes)
INFO [2021-09-15 22:13:24] 
INFO [2021-09-15 22:13:24] $category.names
INFO [2021-09-15 22:13:24] c("CM", "CF", "Bulk")
INFO [2021-09-15 22:13:24] 
INFO [2021-09-15 22:13:24] $filename
INFO [2021-09-15 22:13:24] [1] "figs/supp/dgene_overlap.png"
INFO [2021-09-15 22:13:24] 
INFO [2021-09-15 22:13:24] $output
INFO [2021-09-15 22:13:24] [1] TRUE
INFO [2021-09-15 22:13:24] 
INFO [2021-09-15 22:13:24] $imagetype
INFO [2021-09-15 22:13:24] [1] "png"
INFO [2021-09-15 22:13:24] 
INFO [2021-09-15 22:13:24] $height
INFO [2021-09-15 22:13:24] [1] 480
INFO [2021-09-15 22:13:24] 
INFO [2021-09-15 22:13:24] $width
INFO [2021-09-15 22:13:24] [1] 480
INFO [2021-09-15 22:13:24] 
INFO [2021-09-15 22:13:24] $resolution
INFO [2021-09-15 22:13:24] [1] 300
INFO [2021-09-15 22:13:24] 
INFO [2021-09-15 22:13:24] $compression
INFO [2021-09-15 22:13:24] [1] "lzw"
INFO [2021-09-15 22:13:24] 
INFO [2021-09-15 22:13:24] $lwd
INFO [2021-09-15 22:13:24] [1] 2
INFO [2021-09-15 22:13:24] 
INFO [2021-09-15 22:13:24] $lty
INFO [2021-09-15 22:13:24] [1] "blank"
INFO [2021-09-15 22:13:24] 
INFO [2021-09-15 22:13:24] $fill
INFO [2021-09-15 22:13:24] myCol
INFO [2021-09-15 22:13:24] 
INFO [2021-09-15 22:13:24] $cex
INFO [2021-09-15 22:13:24] [1] 0.6
INFO [2021-09-15 22:13:24] 
INFO [2021-09-15 22:13:24] $fontface
INFO [2021-09-15 22:13:24] [1] "bold"
INFO [2021-09-15 22:13:24] 
INFO [2021-09-15 22:13:24] $fontfamily
INFO [2021-09-15 22:13:24] [1] "sans"
INFO [2021-09-15 22:13:24] 
INFO [2021-09-15 22:13:24] $cat.cex
INFO [2021-09-15 22:13:24] [1] 0.6
INFO [2021-09-15 22:13:24] 
INFO [2021-09-15 22:13:24] $cat.fontface
INFO [2021-09-15 22:13:24] [1] "bold"
INFO [2021-09-15 22:13:24] 
INFO [2021-09-15 22:13:24] $cat.default.pos
INFO [2021-09-15 22:13:24] [1] "outer"
INFO [2021-09-15 22:13:24] 
INFO [2021-09-15 22:13:24] $cat.pos
INFO [2021-09-15 22:13:24] c(-27, 27, 135)
INFO [2021-09-15 22:13:24] 
INFO [2021-09-15 22:13:24] $cat.dist
INFO [2021-09-15 22:13:24] c(0.055, 0.055, 0.085)
INFO [2021-09-15 22:13:24] 
INFO [2021-09-15 22:13:24] $cat.fontfamily
INFO [2021-09-15 22:13:24] [1] "sans"
INFO [2021-09-15 22:13:24] 
INFO [2021-09-15 22:13:24] $rotation
INFO [2021-09-15 22:13:24] [1] 1
INFO [2021-09-15 22:13:24] 
