INFO [2021-09-14 19:01:27] $x
INFO [2021-09-14 19:01:27] list(cm.dgenes, cf.dgenes, bulk.dgenes)
INFO [2021-09-14 19:01:27] 
INFO [2021-09-14 19:01:27] $category.names
INFO [2021-09-14 19:01:27] c("CM", "CF", "Bulk")
INFO [2021-09-14 19:01:27] 
INFO [2021-09-14 19:01:27] $filename
INFO [2021-09-14 19:01:27] [1] "figs/supp/dgene_overlap.png"
INFO [2021-09-14 19:01:27] 
INFO [2021-09-14 19:01:27] $output
INFO [2021-09-14 19:01:27] [1] TRUE
INFO [2021-09-14 19:01:27] 
INFO [2021-09-14 19:01:27] $imagetype
INFO [2021-09-14 19:01:27] [1] "png"
INFO [2021-09-14 19:01:27] 
INFO [2021-09-14 19:01:27] $height
INFO [2021-09-14 19:01:27] [1] 480
INFO [2021-09-14 19:01:27] 
INFO [2021-09-14 19:01:27] $width
INFO [2021-09-14 19:01:27] [1] 480
INFO [2021-09-14 19:01:27] 
INFO [2021-09-14 19:01:27] $resolution
INFO [2021-09-14 19:01:27] [1] 300
INFO [2021-09-14 19:01:27] 
INFO [2021-09-14 19:01:27] $compression
INFO [2021-09-14 19:01:27] [1] "lzw"
INFO [2021-09-14 19:01:27] 
INFO [2021-09-14 19:01:27] $lwd
INFO [2021-09-14 19:01:27] [1] 2
INFO [2021-09-14 19:01:27] 
INFO [2021-09-14 19:01:27] $lty
INFO [2021-09-14 19:01:27] [1] "blank"
INFO [2021-09-14 19:01:27] 
INFO [2021-09-14 19:01:27] $fill
INFO [2021-09-14 19:01:27] myCol
INFO [2021-09-14 19:01:27] 
INFO [2021-09-14 19:01:27] $cex
INFO [2021-09-14 19:01:27] [1] 0.6
INFO [2021-09-14 19:01:27] 
INFO [2021-09-14 19:01:27] $fontface
INFO [2021-09-14 19:01:27] [1] "bold"
INFO [2021-09-14 19:01:27] 
INFO [2021-09-14 19:01:27] $fontfamily
INFO [2021-09-14 19:01:27] [1] "sans"
INFO [2021-09-14 19:01:27] 
INFO [2021-09-14 19:01:27] $cat.cex
INFO [2021-09-14 19:01:27] [1] 0.6
INFO [2021-09-14 19:01:27] 
INFO [2021-09-14 19:01:27] $cat.fontface
INFO [2021-09-14 19:01:27] [1] "bold"
INFO [2021-09-14 19:01:27] 
INFO [2021-09-14 19:01:27] $cat.default.pos
INFO [2021-09-14 19:01:27] [1] "outer"
INFO [2021-09-14 19:01:27] 
INFO [2021-09-14 19:01:27] $cat.pos
INFO [2021-09-14 19:01:27] c(-27, 27, 135)
INFO [2021-09-14 19:01:27] 
INFO [2021-09-14 19:01:27] $cat.dist
INFO [2021-09-14 19:01:27] c(0.055, 0.055, 0.085)
INFO [2021-09-14 19:01:27] 
INFO [2021-09-14 19:01:27] $cat.fontfamily
INFO [2021-09-14 19:01:27] [1] "sans"
INFO [2021-09-14 19:01:27] 
INFO [2021-09-14 19:01:27] $rotation
INFO [2021-09-14 19:01:27] [1] 1
INFO [2021-09-14 19:01:27] 
