INFO [2021-09-14 19:00:49] $x
INFO [2021-09-14 19:00:49] list(cm.dgenes, cf.dgenes, bulk.dgenes)
INFO [2021-09-14 19:00:49] 
INFO [2021-09-14 19:00:49] $category.names
INFO [2021-09-14 19:00:49] c("CM Pseudobulk", "CF Pseudobulk", "Bulk")
INFO [2021-09-14 19:00:49] 
INFO [2021-09-14 19:00:49] $filename
INFO [2021-09-14 19:00:49] [1] "figs/supp/dgene_overlap.png"
INFO [2021-09-14 19:00:49] 
INFO [2021-09-14 19:00:49] $output
INFO [2021-09-14 19:00:49] [1] TRUE
INFO [2021-09-14 19:00:49] 
INFO [2021-09-14 19:00:49] $imagetype
INFO [2021-09-14 19:00:49] [1] "png"
INFO [2021-09-14 19:00:49] 
INFO [2021-09-14 19:00:49] $height
INFO [2021-09-14 19:00:49] [1] 480
INFO [2021-09-14 19:00:49] 
INFO [2021-09-14 19:00:49] $width
INFO [2021-09-14 19:00:49] [1] 480
INFO [2021-09-14 19:00:49] 
INFO [2021-09-14 19:00:49] $resolution
INFO [2021-09-14 19:00:49] [1] 300
INFO [2021-09-14 19:00:49] 
INFO [2021-09-14 19:00:49] $compression
INFO [2021-09-14 19:00:49] [1] "lzw"
INFO [2021-09-14 19:00:49] 
INFO [2021-09-14 19:00:49] $lwd
INFO [2021-09-14 19:00:49] [1] 2
INFO [2021-09-14 19:00:49] 
INFO [2021-09-14 19:00:49] $lty
INFO [2021-09-14 19:00:49] [1] "blank"
INFO [2021-09-14 19:00:49] 
INFO [2021-09-14 19:00:49] $fill
INFO [2021-09-14 19:00:49] myCol
INFO [2021-09-14 19:00:49] 
INFO [2021-09-14 19:00:49] $cex
INFO [2021-09-14 19:00:49] [1] 0.6
INFO [2021-09-14 19:00:49] 
INFO [2021-09-14 19:00:49] $fontface
INFO [2021-09-14 19:00:49] [1] "bold"
INFO [2021-09-14 19:00:49] 
INFO [2021-09-14 19:00:49] $fontfamily
INFO [2021-09-14 19:00:49] [1] "sans"
INFO [2021-09-14 19:00:49] 
INFO [2021-09-14 19:00:49] $cat.cex
INFO [2021-09-14 19:00:49] [1] 0.6
INFO [2021-09-14 19:00:49] 
INFO [2021-09-14 19:00:49] $cat.fontface
INFO [2021-09-14 19:00:49] [1] "bold"
INFO [2021-09-14 19:00:49] 
INFO [2021-09-14 19:00:49] $cat.default.pos
INFO [2021-09-14 19:00:49] [1] "outer"
INFO [2021-09-14 19:00:49] 
INFO [2021-09-14 19:00:49] $cat.pos
INFO [2021-09-14 19:00:49] c(-27, 27, 135)
INFO [2021-09-14 19:00:49] 
INFO [2021-09-14 19:00:49] $cat.dist
INFO [2021-09-14 19:00:49] c(0.055, 0.055, 0.085)
INFO [2021-09-14 19:00:49] 
INFO [2021-09-14 19:00:49] $cat.fontfamily
INFO [2021-09-14 19:00:49] [1] "sans"
INFO [2021-09-14 19:00:49] 
INFO [2021-09-14 19:00:49] $rotation
INFO [2021-09-14 19:00:49] [1] 1
INFO [2021-09-14 19:00:49] 
