INFO [2021-09-14 18:54:39] $x
INFO [2021-09-14 18:54:39] list(cm.dqtls, cf.dqtls, bulk.dqtls)
INFO [2021-09-14 18:54:39] 
INFO [2021-09-14 18:54:39] $category.names
INFO [2021-09-14 18:54:39] c("CM Pseudobulk", "CF Pseudobulk", "Bulk")
INFO [2021-09-14 18:54:39] 
INFO [2021-09-14 18:54:39] $filename
INFO [2021-09-14 18:54:39] [1] "figs/supp/dqtl_overlap.png"
INFO [2021-09-14 18:54:39] 
INFO [2021-09-14 18:54:39] $output
INFO [2021-09-14 18:54:39] [1] TRUE
INFO [2021-09-14 18:54:39] 
INFO [2021-09-14 18:54:39] $imagetype
INFO [2021-09-14 18:54:39] [1] "png"
INFO [2021-09-14 18:54:39] 
INFO [2021-09-14 18:54:39] $height
INFO [2021-09-14 18:54:39] [1] 480
INFO [2021-09-14 18:54:39] 
INFO [2021-09-14 18:54:39] $width
INFO [2021-09-14 18:54:39] [1] 480
INFO [2021-09-14 18:54:39] 
INFO [2021-09-14 18:54:39] $resolution
INFO [2021-09-14 18:54:39] [1] 300
INFO [2021-09-14 18:54:39] 
INFO [2021-09-14 18:54:39] $compression
INFO [2021-09-14 18:54:39] [1] "lzw"
INFO [2021-09-14 18:54:39] 
INFO [2021-09-14 18:54:39] $lwd
INFO [2021-09-14 18:54:39] [1] 2
INFO [2021-09-14 18:54:39] 
INFO [2021-09-14 18:54:39] $lty
INFO [2021-09-14 18:54:39] [1] "blank"
INFO [2021-09-14 18:54:39] 
INFO [2021-09-14 18:54:39] $fill
INFO [2021-09-14 18:54:39] myCol
INFO [2021-09-14 18:54:39] 
INFO [2021-09-14 18:54:39] $cex
INFO [2021-09-14 18:54:39] [1] 0.6
INFO [2021-09-14 18:54:39] 
INFO [2021-09-14 18:54:39] $fontface
INFO [2021-09-14 18:54:39] [1] "bold"
INFO [2021-09-14 18:54:39] 
INFO [2021-09-14 18:54:39] $fontfamily
INFO [2021-09-14 18:54:39] [1] "sans"
INFO [2021-09-14 18:54:39] 
INFO [2021-09-14 18:54:39] $cat.cex
INFO [2021-09-14 18:54:39] [1] 0.6
INFO [2021-09-14 18:54:39] 
INFO [2021-09-14 18:54:39] $cat.fontface
INFO [2021-09-14 18:54:39] [1] "bold"
INFO [2021-09-14 18:54:39] 
INFO [2021-09-14 18:54:39] $cat.default.pos
INFO [2021-09-14 18:54:39] [1] "outer"
INFO [2021-09-14 18:54:39] 
INFO [2021-09-14 18:54:39] $cat.pos
INFO [2021-09-14 18:54:39] c(-27, 27, 135)
INFO [2021-09-14 18:54:39] 
INFO [2021-09-14 18:54:39] $cat.dist
INFO [2021-09-14 18:54:39] c(0.055, 0.055, 0.085)
INFO [2021-09-14 18:54:39] 
INFO [2021-09-14 18:54:39] $cat.fontfamily
INFO [2021-09-14 18:54:39] [1] "sans"
INFO [2021-09-14 18:54:39] 
INFO [2021-09-14 18:54:39] $rotation
INFO [2021-09-14 18:54:39] [1] 1
INFO [2021-09-14 18:54:39] 
