INFO [2021-09-14 18:55:23] $x
INFO [2021-09-14 18:55:23] list(cm.dqtls, cf.dqtls, bulk.dqtls)
INFO [2021-09-14 18:55:23] 
INFO [2021-09-14 18:55:23] $category.names
INFO [2021-09-14 18:55:23] c("CM Pseudobulk", "CF Pseudobulk", "Bulk")
INFO [2021-09-14 18:55:23] 
INFO [2021-09-14 18:55:23] $filename
INFO [2021-09-14 18:55:23] [1] "figs/supp/dqtl_overlap.png"
INFO [2021-09-14 18:55:23] 
INFO [2021-09-14 18:55:23] $output
INFO [2021-09-14 18:55:23] [1] TRUE
INFO [2021-09-14 18:55:23] 
INFO [2021-09-14 18:55:23] $imagetype
INFO [2021-09-14 18:55:23] [1] "png"
INFO [2021-09-14 18:55:23] 
INFO [2021-09-14 18:55:23] $height
INFO [2021-09-14 18:55:23] [1] 480
INFO [2021-09-14 18:55:23] 
INFO [2021-09-14 18:55:23] $width
INFO [2021-09-14 18:55:23] [1] 480
INFO [2021-09-14 18:55:23] 
INFO [2021-09-14 18:55:23] $resolution
INFO [2021-09-14 18:55:23] [1] 300
INFO [2021-09-14 18:55:23] 
INFO [2021-09-14 18:55:23] $compression
INFO [2021-09-14 18:55:23] [1] "lzw"
INFO [2021-09-14 18:55:23] 
INFO [2021-09-14 18:55:23] $lwd
INFO [2021-09-14 18:55:23] [1] 2
INFO [2021-09-14 18:55:23] 
INFO [2021-09-14 18:55:23] $lty
INFO [2021-09-14 18:55:23] [1] "blank"
INFO [2021-09-14 18:55:23] 
INFO [2021-09-14 18:55:23] $fill
INFO [2021-09-14 18:55:23] myCol
INFO [2021-09-14 18:55:23] 
INFO [2021-09-14 18:55:23] $cex
INFO [2021-09-14 18:55:23] [1] 0.6
INFO [2021-09-14 18:55:23] 
INFO [2021-09-14 18:55:23] $fontface
INFO [2021-09-14 18:55:23] [1] "bold"
INFO [2021-09-14 18:55:23] 
INFO [2021-09-14 18:55:23] $fontfamily
INFO [2021-09-14 18:55:23] [1] "sans"
INFO [2021-09-14 18:55:23] 
INFO [2021-09-14 18:55:23] $cat.cex
INFO [2021-09-14 18:55:23] [1] 0.6
INFO [2021-09-14 18:55:23] 
INFO [2021-09-14 18:55:23] $cat.fontface
INFO [2021-09-14 18:55:23] [1] "bold"
INFO [2021-09-14 18:55:23] 
INFO [2021-09-14 18:55:23] $cat.default.pos
INFO [2021-09-14 18:55:23] [1] "outer"
INFO [2021-09-14 18:55:23] 
INFO [2021-09-14 18:55:23] $cat.pos
INFO [2021-09-14 18:55:23] c(-27, 27, 135)
INFO [2021-09-14 18:55:23] 
INFO [2021-09-14 18:55:23] $cat.dist
INFO [2021-09-14 18:55:23] c(0.055, 0.055, 0.085)
INFO [2021-09-14 18:55:23] 
INFO [2021-09-14 18:55:23] $cat.fontfamily
INFO [2021-09-14 18:55:23] [1] "sans"
INFO [2021-09-14 18:55:23] 
INFO [2021-09-14 18:55:23] $rotation
INFO [2021-09-14 18:55:23] [1] 1
INFO [2021-09-14 18:55:23] 
