INFO [2021-09-14 19:04:00] $x
INFO [2021-09-14 19:04:00] list(cm.dqtls, cf.dqtls, bulk.dqtls)
INFO [2021-09-14 19:04:00] 
INFO [2021-09-14 19:04:00] $category.names
INFO [2021-09-14 19:04:00] c("CM", "CF", "Bulk")
INFO [2021-09-14 19:04:00] 
INFO [2021-09-14 19:04:00] $filename
INFO [2021-09-14 19:04:00] [1] "figs/supp/dqtl_overlap.png"
INFO [2021-09-14 19:04:00] 
INFO [2021-09-14 19:04:00] $output
INFO [2021-09-14 19:04:00] [1] TRUE
INFO [2021-09-14 19:04:00] 
INFO [2021-09-14 19:04:00] $imagetype
INFO [2021-09-14 19:04:00] [1] "png"
INFO [2021-09-14 19:04:00] 
INFO [2021-09-14 19:04:00] $height
INFO [2021-09-14 19:04:00] [1] 480
INFO [2021-09-14 19:04:00] 
INFO [2021-09-14 19:04:00] $width
INFO [2021-09-14 19:04:00] [1] 480
INFO [2021-09-14 19:04:00] 
INFO [2021-09-14 19:04:00] $resolution
INFO [2021-09-14 19:04:00] [1] 300
INFO [2021-09-14 19:04:00] 
INFO [2021-09-14 19:04:00] $compression
INFO [2021-09-14 19:04:00] [1] "lzw"
INFO [2021-09-14 19:04:00] 
INFO [2021-09-14 19:04:00] $lwd
INFO [2021-09-14 19:04:00] [1] 2
INFO [2021-09-14 19:04:00] 
INFO [2021-09-14 19:04:00] $lty
INFO [2021-09-14 19:04:00] [1] "blank"
INFO [2021-09-14 19:04:00] 
INFO [2021-09-14 19:04:00] $fill
INFO [2021-09-14 19:04:00] myCol
INFO [2021-09-14 19:04:00] 
INFO [2021-09-14 19:04:00] $cex
INFO [2021-09-14 19:04:00] [1] 0.6
INFO [2021-09-14 19:04:00] 
INFO [2021-09-14 19:04:00] $fontface
INFO [2021-09-14 19:04:00] [1] "bold"
INFO [2021-09-14 19:04:00] 
INFO [2021-09-14 19:04:00] $fontfamily
INFO [2021-09-14 19:04:00] [1] "sans"
INFO [2021-09-14 19:04:00] 
INFO [2021-09-14 19:04:00] $cat.cex
INFO [2021-09-14 19:04:00] [1] 0.6
INFO [2021-09-14 19:04:00] 
INFO [2021-09-14 19:04:00] $cat.fontface
INFO [2021-09-14 19:04:00] [1] "bold"
INFO [2021-09-14 19:04:00] 
INFO [2021-09-14 19:04:00] $cat.default.pos
INFO [2021-09-14 19:04:00] [1] "outer"
INFO [2021-09-14 19:04:00] 
INFO [2021-09-14 19:04:00] $cat.pos
INFO [2021-09-14 19:04:00] c(-27, 27, 135)
INFO [2021-09-14 19:04:00] 
INFO [2021-09-14 19:04:00] $cat.dist
INFO [2021-09-14 19:04:00] c(0.055, 0.055, 0.085)
INFO [2021-09-14 19:04:00] 
INFO [2021-09-14 19:04:00] $cat.fontfamily
INFO [2021-09-14 19:04:00] [1] "sans"
INFO [2021-09-14 19:04:00] 
INFO [2021-09-14 19:04:00] $rotation
INFO [2021-09-14 19:04:00] [1] 1
INFO [2021-09-14 19:04:00] 
