Note that the current default version of R is 3.6.1.
-- Attaching packages --------------------------------------- tidyverse 1.3.0 --
v ggplot2 3.3.2     v purrr   0.3.4
v tibble  3.0.3     v dplyr   1.0.2
v tidyr   1.1.2     v stringr 1.4.0
v readr   1.3.1     v forcats 0.5.0
-- Conflicts ------------------------------------------ tidyverse_conflicts() --
x dplyr::filter()    masks stats::filter()
x tibble::has_name() masks assertthat::has_name()
x dplyr::lag()       masks stats::lag()
Loading required package: limma
Registered S3 method overwritten by 'spatstat':
  method     from
  print.boxx cli 
Warning message:
In system2(command = python, args = paste0("\"", config_script,  :
  running command ''/home/jpopp/.virtualenvs/r-reticulate/bin/python' "/home/jpopp/R/x86_64-pc-linux-gnu-library/3.6/reticulate/config/config.py" 2>/dev/null' had status 1

Attaching package: 'Matrix'

The following objects are masked from 'package:tidyr':

    expand, pack, unpack

corrplot 0.84 loaded
`summarise()` ungrouping output (override with `.groups` argument)
/tmp/slurmd/job12965364/slurm_script: line 7: 16884 Bus error               Rscript ../code/preprocessing_permutecells.R
