INFO [2021-09-14 19:10:52] $x
INFO [2021-09-14 19:10:52] list(cm.iegenes, cf.iegenes)
INFO [2021-09-14 19:10:52] 
INFO [2021-09-14 19:10:52] $category.names
INFO [2021-09-14 19:10:52] c("CM", "CF")
INFO [2021-09-14 19:10:52] 
INFO [2021-09-14 19:10:52] $filename
INFO [2021-09-14 19:10:52] [1] "figs/intx.cm.cf.overlap.png"
INFO [2021-09-14 19:10:52] 
INFO [2021-09-14 19:10:52] $output
INFO [2021-09-14 19:10:52] [1] TRUE
INFO [2021-09-14 19:10:52] 
INFO [2021-09-14 19:10:52] $imagetype
INFO [2021-09-14 19:10:52] [1] "png"
INFO [2021-09-14 19:10:52] 
INFO [2021-09-14 19:10:52] $height
INFO [2021-09-14 19:10:52] [1] 480
INFO [2021-09-14 19:10:52] 
INFO [2021-09-14 19:10:52] $width
INFO [2021-09-14 19:10:52] [1] 480
INFO [2021-09-14 19:10:52] 
INFO [2021-09-14 19:10:52] $resolution
INFO [2021-09-14 19:10:52] [1] 300
INFO [2021-09-14 19:10:52] 
INFO [2021-09-14 19:10:52] $compression
INFO [2021-09-14 19:10:52] [1] "lzw"
INFO [2021-09-14 19:10:52] 
INFO [2021-09-14 19:10:52] $fill
INFO [2021-09-14 19:10:52] brewer.pal(3, "Pastel2")[1:2]
INFO [2021-09-14 19:10:52] 
