INFO [2021-03-10 12:53:28] $x
INFO [2021-03-10 12:53:28] list(cm.hits, cf.hits)
INFO [2021-03-10 12:53:28] 
INFO [2021-03-10 12:53:28] $category.names
INFO [2021-03-10 12:53:28] c("CM", "CF")
INFO [2021-03-10 12:53:28] 
INFO [2021-03-10 12:53:28] $filename
INFO [2021-03-10 12:53:28] [1] "figs/intx.cm.cf.overlap.png"
INFO [2021-03-10 12:53:28] 
INFO [2021-03-10 12:53:28] $output
INFO [2021-03-10 12:53:28] [1] TRUE
INFO [2021-03-10 12:53:28] 
INFO [2021-03-10 12:53:28] $imagetype
INFO [2021-03-10 12:53:28] [1] "png"
INFO [2021-03-10 12:53:28] 
INFO [2021-03-10 12:53:28] $height
INFO [2021-03-10 12:53:28] [1] 480
INFO [2021-03-10 12:53:28] 
INFO [2021-03-10 12:53:28] $width
INFO [2021-03-10 12:53:28] [1] 480
INFO [2021-03-10 12:53:28] 
INFO [2021-03-10 12:53:28] $resolution
INFO [2021-03-10 12:53:28] [1] 300
INFO [2021-03-10 12:53:28] 
INFO [2021-03-10 12:53:28] $compression
INFO [2021-03-10 12:53:28] [1] "lzw"
INFO [2021-03-10 12:53:28] 
