INFO [2021-09-14 19:10:38] $x
INFO [2021-09-14 19:10:38] list(cm.iegenes, cf.iegenes)
INFO [2021-09-14 19:10:38] 
INFO [2021-09-14 19:10:38] $category.names
INFO [2021-09-14 19:10:38] c("CM", "CF")
INFO [2021-09-14 19:10:38] 
INFO [2021-09-14 19:10:38] $filename
INFO [2021-09-14 19:10:38] [1] "figs/intx.cm.cf.overlap.png"
INFO [2021-09-14 19:10:38] 
INFO [2021-09-14 19:10:38] $output
INFO [2021-09-14 19:10:38] [1] TRUE
INFO [2021-09-14 19:10:38] 
INFO [2021-09-14 19:10:38] $imagetype
INFO [2021-09-14 19:10:38] [1] "png"
INFO [2021-09-14 19:10:38] 
INFO [2021-09-14 19:10:38] $height
INFO [2021-09-14 19:10:38] [1] 480
INFO [2021-09-14 19:10:38] 
INFO [2021-09-14 19:10:38] $width
INFO [2021-09-14 19:10:38] [1] 480
INFO [2021-09-14 19:10:38] 
INFO [2021-09-14 19:10:38] $resolution
INFO [2021-09-14 19:10:38] [1] 300
INFO [2021-09-14 19:10:38] 
INFO [2021-09-14 19:10:38] $compression
INFO [2021-09-14 19:10:38] [1] "lzw"
INFO [2021-09-14 19:10:38] 
INFO [2021-09-14 19:10:38] $fill
INFO [2021-09-14 19:10:38] brewer.pal(2, "Pastel2")
INFO [2021-09-14 19:10:38] 
ERROR [2021-09-14 19:10:38] Unexpected parameter length for 'fill'
