INFO [2021-09-14 19:10:30] $x
INFO [2021-09-14 19:10:30] list(cm.iegenes, cf.iegenes)
INFO [2021-09-14 19:10:30] 
INFO [2021-09-14 19:10:30] $category.names
INFO [2021-09-14 19:10:30] c("CM", "CF")
INFO [2021-09-14 19:10:30] 
INFO [2021-09-14 19:10:30] $filename
INFO [2021-09-14 19:10:30] [1] "figs/intx.cm.cf.overlap.png"
INFO [2021-09-14 19:10:30] 
INFO [2021-09-14 19:10:30] $output
INFO [2021-09-14 19:10:30] [1] TRUE
INFO [2021-09-14 19:10:30] 
INFO [2021-09-14 19:10:30] $imagetype
INFO [2021-09-14 19:10:30] [1] "png"
INFO [2021-09-14 19:10:30] 
INFO [2021-09-14 19:10:30] $height
INFO [2021-09-14 19:10:30] [1] 480
INFO [2021-09-14 19:10:30] 
INFO [2021-09-14 19:10:30] $width
INFO [2021-09-14 19:10:30] [1] 480
INFO [2021-09-14 19:10:30] 
INFO [2021-09-14 19:10:30] $resolution
INFO [2021-09-14 19:10:30] [1] 300
INFO [2021-09-14 19:10:30] 
INFO [2021-09-14 19:10:30] $compression
INFO [2021-09-14 19:10:30] [1] "lzw"
INFO [2021-09-14 19:10:30] 
INFO [2021-09-14 19:10:30] $fill
INFO [2021-09-14 19:10:30] brewer.pal(2, "Pastel2")
INFO [2021-09-14 19:10:30] 
